

*******************************************************************************
Sat Apr 11 10:21:31 2026


FIT:    data read from "stoch_tavg_eta.dat" u 2:($68/($12*$54))
        format = x:z
        #datapoints = 8
        residuals are weighted equally (unit weight)

function used for fitting: f(x)
	f(x) = a
fitted parameters initialized with current variable values

iter      chisq       delta/lim  lambda   a            
   0 4.1590627054e-01   0.00e+00  1.00e+00    1.000000e+00
   3 5.7621801599e-02  -1.20e-02  1.00e-03    1.211626e+00

After 3 iterations the fit converged.
final sum of squares of residuals : 0.0576218
rel. change during last iteration : -1.19644e-07

degrees of freedom    (FIT_NDF)                        : 7
rms of residuals      (FIT_STDFIT) = sqrt(WSSR/ndf)    : 0.0907286
variance of residuals (reduced chisquare) = WSSR/ndf   : 0.00823169

Final set of parameters            Asymptotic Standard Error
=======================            ==========================
a               = 1.21163          +/- 0.03208      (2.647%)


*******************************************************************************
Sat Apr 11 10:21:31 2026


FIT:    data read from "steady_tavg_eta.dat" u 2:($68/($12*$54))
        format = x:z
        #datapoints = 22
        residuals are weighted equally (unit weight)

function used for fitting: f(x)
	f(x) = a
fitted parameters initialized with current variable values

iter      chisq       delta/lim  lambda   a            
   0 2.8942835343e+00   0.00e+00  1.21e+00    1.211626e+00
   3 2.1791892780e+00  -1.28e-05  1.21e-03    1.391915e+00

After 3 iterations the fit converged.
final sum of squares of residuals : 2.17919
rel. change during last iteration : -1.28048e-10

degrees of freedom    (FIT_NDF)                        : 21
rms of residuals      (FIT_STDFIT) = sqrt(WSSR/ndf)    : 0.322135
variance of residuals (reduced chisquare) = WSSR/ndf   : 0.103771

Final set of parameters            Asymptotic Standard Error
=======================            ==========================
a               = 1.39192          +/- 0.06868      (4.934%)


*******************************************************************************
Sat Apr 11 10:22:14 2026


FIT:    data read from "stoch_tavg_eta.dat" u 2:($68/($12*$54))
        format = x:z
        #datapoints = 8
        residuals are weighted equally (unit weight)

function used for fitting: f(x)
	f(x) = a
fitted parameters initialized with current variable values

iter      chisq       delta/lim  lambda   a            
   0 3.1765607550e-01   0.00e+00  1.39e+00    1.391915e+00
   3 5.7621801599e-02  -8.68e-03  1.39e-03    1.211626e+00

After 3 iterations the fit converged.
final sum of squares of residuals : 0.0576218
rel. change during last iteration : -8.68348e-08

degrees of freedom    (FIT_NDF)                        : 7
rms of residuals      (FIT_STDFIT) = sqrt(WSSR/ndf)    : 0.0907286
variance of residuals (reduced chisquare) = WSSR/ndf   : 0.00823169

Final set of parameters            Asymptotic Standard Error
=======================            ==========================
a               = 1.21163          +/- 0.03208      (2.647%)


*******************************************************************************
Sat Apr 11 10:22:14 2026


FIT:    data read from "steady_tavg_eta.dat" u 2:($68/($12*$54))
        format = x:z
        #datapoints = 22
        residuals are weighted equally (unit weight)

function used for fitting: f(x)
	f(x) = a
fitted parameters initialized with current variable values

iter      chisq       delta/lim  lambda   a            
   0 2.8942835289e+00   0.00e+00  1.21e+00    1.211626e+00
   3 2.1791892780e+00  -1.28e-05  1.21e-03    1.391915e+00

After 3 iterations the fit converged.
final sum of squares of residuals : 2.17919
rel. change during last iteration : -1.28048e-10

degrees of freedom    (FIT_NDF)                        : 21
rms of residuals      (FIT_STDFIT) = sqrt(WSSR/ndf)    : 0.322135
variance of residuals (reduced chisquare) = WSSR/ndf   : 0.103771

Final set of parameters            Asymptotic Standard Error
=======================            ==========================
a               = 1.39192          +/- 0.06868      (4.934%)


*******************************************************************************
Sat Apr 11 10:25:53 2026


FIT:    data read from "stoch_tavg_eta.dat" u 2:($68/($12*$54))
        format = x:z
        #datapoints = 8
        residuals are weighted equally (unit weight)

function used for fitting: f(x)
	f(x) = a
fitted parameters initialized with current variable values

iter      chisq       delta/lim  lambda   a            
   0 3.1765607550e-01   0.00e+00  1.39e+00    1.391915e+00
   3 5.7621801599e-02  -8.68e-03  1.39e-03    1.211626e+00

After 3 iterations the fit converged.
final sum of squares of residuals : 0.0576218
rel. change during last iteration : -8.68348e-08

degrees of freedom    (FIT_NDF)                        : 7
rms of residuals      (FIT_STDFIT) = sqrt(WSSR/ndf)    : 0.0907286
variance of residuals (reduced chisquare) = WSSR/ndf   : 0.00823169

Final set of parameters            Asymptotic Standard Error
=======================            ==========================
a               = 1.21163          +/- 0.03208      (2.647%)


*******************************************************************************
Sat Apr 11 10:25:53 2026


FIT:    data read from "steady_tavg_eta.dat" u 2:($68/($12*$54))
        format = x:z
        #datapoints = 22
        residuals are weighted equally (unit weight)

function used for fitting: f(x)
	f(x) = a
fitted parameters initialized with current variable values

iter      chisq       delta/lim  lambda   a            
   0 2.8942835289e+00   0.00e+00  1.21e+00    1.211626e+00
   3 2.1791892780e+00  -1.28e-05  1.21e-03    1.391915e+00

After 3 iterations the fit converged.
final sum of squares of residuals : 2.17919
rel. change during last iteration : -1.28048e-10

degrees of freedom    (FIT_NDF)                        : 21
rms of residuals      (FIT_STDFIT) = sqrt(WSSR/ndf)    : 0.322135
variance of residuals (reduced chisquare) = WSSR/ndf   : 0.103771

Final set of parameters            Asymptotic Standard Error
=======================            ==========================
a               = 1.39192          +/- 0.06868      (4.934%)


*******************************************************************************
Sat Apr 11 10:26:35 2026


FIT:    data read from "stoch_tavg_eta.dat" u 2:($68/($12*$54))
        format = x:z
        #datapoints = 8
        residuals are weighted equally (unit weight)

function used for fitting: f(x)
	f(x) = a
fitted parameters initialized with current variable values

iter      chisq       delta/lim  lambda   a            
   0 3.1765607550e-01   0.00e+00  1.39e+00    1.391915e+00
   3 5.7621801599e-02  -8.68e-03  1.39e-03    1.211626e+00

After 3 iterations the fit converged.
final sum of squares of residuals : 0.0576218
rel. change during last iteration : -8.68348e-08

degrees of freedom    (FIT_NDF)                        : 7
rms of residuals      (FIT_STDFIT) = sqrt(WSSR/ndf)    : 0.0907286
variance of residuals (reduced chisquare) = WSSR/ndf   : 0.00823169

Final set of parameters            Asymptotic Standard Error
=======================            ==========================
a               = 1.21163          +/- 0.03208      (2.647%)


*******************************************************************************
Sat Apr 11 10:26:35 2026


FIT:    data read from "steady_tavg_eta.dat" u 2:($68/($12*$54))
        format = x:z
        #datapoints = 22
        residuals are weighted equally (unit weight)

function used for fitting: f(x)
	f(x) = a
fitted parameters initialized with current variable values

iter      chisq       delta/lim  lambda   a            
   0 2.8942835289e+00   0.00e+00  1.21e+00    1.211626e+00
   3 2.1791892780e+00  -1.28e-05  1.21e-03    1.391915e+00

After 3 iterations the fit converged.
final sum of squares of residuals : 2.17919
rel. change during last iteration : -1.28048e-10

degrees of freedom    (FIT_NDF)                        : 21
rms of residuals      (FIT_STDFIT) = sqrt(WSSR/ndf)    : 0.322135
variance of residuals (reduced chisquare) = WSSR/ndf   : 0.103771

Final set of parameters            Asymptotic Standard Error
=======================            ==========================
a               = 1.39192          +/- 0.06868      (4.934%)


*******************************************************************************
Sat Apr 11 10:26:46 2026


FIT:    data read from "stoch_tavg_eta.dat" u 2:($68/($12*$54))
        format = x:z
        #datapoints = 8
        residuals are weighted equally (unit weight)

function used for fitting: f(x)
	f(x) = a
fitted parameters initialized with current variable values

iter      chisq       delta/lim  lambda   a            
   0 3.1765607550e-01   0.00e+00  1.39e+00    1.391915e+00
   3 5.7621801599e-02  -8.68e-03  1.39e-03    1.211626e+00

After 3 iterations the fit converged.
final sum of squares of residuals : 0.0576218
rel. change during last iteration : -8.68348e-08

degrees of freedom    (FIT_NDF)                        : 7
rms of residuals      (FIT_STDFIT) = sqrt(WSSR/ndf)    : 0.0907286
variance of residuals (reduced chisquare) = WSSR/ndf   : 0.00823169

Final set of parameters            Asymptotic Standard Error
=======================            ==========================
a               = 1.21163          +/- 0.03208      (2.647%)


*******************************************************************************
Sat Apr 11 10:26:46 2026


FIT:    data read from "steady_tavg_eta.dat" u 2:($68/($12*$54))
        format = x:z
        #datapoints = 22
        residuals are weighted equally (unit weight)

function used for fitting: f(x)
	f(x) = a
fitted parameters initialized with current variable values

iter      chisq       delta/lim  lambda   a            
   0 2.8942835289e+00   0.00e+00  1.21e+00    1.211626e+00
   3 2.1791892780e+00  -1.28e-05  1.21e-03    1.391915e+00

After 3 iterations the fit converged.
final sum of squares of residuals : 2.17919
rel. change during last iteration : -1.28048e-10

degrees of freedom    (FIT_NDF)                        : 21
rms of residuals      (FIT_STDFIT) = sqrt(WSSR/ndf)    : 0.322135
variance of residuals (reduced chisquare) = WSSR/ndf   : 0.103771

Final set of parameters            Asymptotic Standard Error
=======================            ==========================
a               = 1.39192          +/- 0.06868      (4.934%)


*******************************************************************************
Sat Apr 11 10:29:03 2026


FIT:    data read from "stoch_tavg_eta.dat" u 2:($68/($12*$54))
        format = x:z
        #datapoints = 8
        residuals are weighted equally (unit weight)

function used for fitting: f(x)
	f(x) = a
fitted parameters initialized with current variable values

iter      chisq       delta/lim  lambda   a            
   0 3.1765607550e-01   0.00e+00  1.39e+00    1.391915e+00
   3 5.7621801599e-02  -8.68e-03  1.39e-03    1.211626e+00

After 3 iterations the fit converged.
final sum of squares of residuals : 0.0576218
rel. change during last iteration : -8.68348e-08

degrees of freedom    (FIT_NDF)                        : 7
rms of residuals      (FIT_STDFIT) = sqrt(WSSR/ndf)    : 0.0907286
variance of residuals (reduced chisquare) = WSSR/ndf   : 0.00823169

Final set of parameters            Asymptotic Standard Error
=======================            ==========================
a               = 1.21163          +/- 0.03208      (2.647%)


*******************************************************************************
Sat Apr 11 10:29:03 2026


FIT:    data read from "steady_tavg_eta.dat" u 2:($68/($12*$54))
        format = x:z
        #datapoints = 22
        residuals are weighted equally (unit weight)

function used for fitting: f(x)
	f(x) = a
fitted parameters initialized with current variable values

iter      chisq       delta/lim  lambda   a            
   0 2.8942835289e+00   0.00e+00  1.21e+00    1.211626e+00
   3 2.1791892780e+00  -1.28e-05  1.21e-03    1.391915e+00

After 3 iterations the fit converged.
final sum of squares of residuals : 2.17919
rel. change during last iteration : -1.28048e-10

degrees of freedom    (FIT_NDF)                        : 21
rms of residuals      (FIT_STDFIT) = sqrt(WSSR/ndf)    : 0.322135
variance of residuals (reduced chisquare) = WSSR/ndf   : 0.103771

Final set of parameters            Asymptotic Standard Error
=======================            ==========================
a               = 1.39192          +/- 0.06868      (4.934%)


*******************************************************************************
Sat Apr 11 10:30:57 2026


FIT:    data read from "stoch_tavg_eta.dat" u 2:($68/($12*$54))
        format = x:z
        #datapoints = 8
        residuals are weighted equally (unit weight)

function used for fitting: f(x)
	f(x) = a
fitted parameters initialized with current variable values

iter      chisq       delta/lim  lambda   a            
   0 3.1765607550e-01   0.00e+00  1.39e+00    1.391915e+00
   3 5.7621801599e-02  -8.68e-03  1.39e-03    1.211626e+00

After 3 iterations the fit converged.
final sum of squares of residuals : 0.0576218
rel. change during last iteration : -8.68348e-08

degrees of freedom    (FIT_NDF)                        : 7
rms of residuals      (FIT_STDFIT) = sqrt(WSSR/ndf)    : 0.0907286
variance of residuals (reduced chisquare) = WSSR/ndf   : 0.00823169

Final set of parameters            Asymptotic Standard Error
=======================            ==========================
a               = 1.21163          +/- 0.03208      (2.647%)


*******************************************************************************
Sat Apr 11 10:30:57 2026


FIT:    data read from "steady_tavg_eta.dat" u 2:($68/($12*$54))
        format = x:z
        #datapoints = 22
        residuals are weighted equally (unit weight)

function used for fitting: f(x)
	f(x) = a
fitted parameters initialized with current variable values

iter      chisq       delta/lim  lambda   a            
   0 2.8942835289e+00   0.00e+00  1.21e+00    1.211626e+00
   3 2.1791892780e+00  -1.28e-05  1.21e-03    1.391915e+00

After 3 iterations the fit converged.
final sum of squares of residuals : 2.17919
rel. change during last iteration : -1.28048e-10

degrees of freedom    (FIT_NDF)                        : 21
rms of residuals      (FIT_STDFIT) = sqrt(WSSR/ndf)    : 0.322135
variance of residuals (reduced chisquare) = WSSR/ndf   : 0.103771

Final set of parameters            Asymptotic Standard Error
=======================            ==========================
a               = 1.39192          +/- 0.06868      (4.934%)


*******************************************************************************
Sat Apr 11 10:34:47 2026


FIT:    data read from "stoch_tavg_eta.dat" u 2:($68/($12*$54))
        format = x:z
        x range restricted to [20.0000 : 1.00000e+06]
        #datapoints = 5
        residuals are weighted equally (unit weight)

function used for fitting: f(x)
	f(x) = a
fitted parameters initialized with current variable values

iter      chisq       delta/lim  lambda   a            
   0 1.4420564599e-01   0.00e+00  1.39e+00    1.391915e+00
   3 3.7174234905e-02  -3.19e-02  1.39e-03    1.245607e+00

After 3 iterations the fit converged.
final sum of squares of residuals : 0.0371742
rel. change during last iteration : -3.18633e-07

degrees of freedom    (FIT_NDF)                        : 4
rms of residuals      (FIT_STDFIT) = sqrt(WSSR/ndf)    : 0.0964031
variance of residuals (reduced chisquare) = WSSR/ndf   : 0.00929356

Final set of parameters            Asymptotic Standard Error
=======================            ==========================
a               = 1.24561          +/- 0.04311      (3.461%)


*******************************************************************************
Sat Apr 11 10:34:47 2026


FIT:    data read from "steady_tavg_eta.dat" u 2:($68/($12*$54))
        format = x:z
        x range restricted to [20.0000 : 1.00000e+06]
        #datapoints = 14
        residuals are weighted equally (unit weight)

function used for fitting: f(x)
	f(x) = a
fitted parameters initialized with current variable values

iter      chisq       delta/lim  lambda   a            
   0 2.5272220468e+00   0.00e+00  1.25e+00    1.245607e+00
   3 1.2740582001e+00  -2.23e-04  1.25e-03    1.544792e+00

After 3 iterations the fit converged.
final sum of squares of residuals : 1.27406
rel. change during last iteration : -2.2272e-09

degrees of freedom    (FIT_NDF)                        : 13
rms of residuals      (FIT_STDFIT) = sqrt(WSSR/ndf)    : 0.313057
variance of residuals (reduced chisquare) = WSSR/ndf   : 0.0980045

Final set of parameters            Asymptotic Standard Error
=======================            ==========================
a               = 1.54479          +/- 0.08367      (5.416%)


*******************************************************************************
Sat Apr 11 10:35:13 2026


FIT:    data read from "stoch_tavg_eta.dat" u ($16/$2):($68/($12*$54))
        format = x:z
        x range restricted to [20.0000 : 1.00000e+06]
        #datapoints = 2
        residuals are weighted equally (unit weight)

function used for fitting: f(x)
	f(x) = a
fitted parameters initialized with current variable values

iter      chisq       delta/lim  lambda   a            
   0 2.6673528417e-01   0.00e+00  1.54e+00    1.544792e+00
   4 1.1773662591e-03  -1.55e-07  1.54e-04    1.180403e+00

After 4 iterations the fit converged.
final sum of squares of residuals : 0.00117737
rel. change during last iteration : -1.55075e-12

degrees of freedom    (FIT_NDF)                        : 1
rms of residuals      (FIT_STDFIT) = sqrt(WSSR/ndf)    : 0.0343128
variance of residuals (reduced chisquare) = WSSR/ndf   : 0.00117737

Final set of parameters            Asymptotic Standard Error
=======================            ==========================
a               = 1.1804           +/- 0.02426      (2.055%)


*******************************************************************************
Sat Apr 11 10:35:13 2026


FIT:    data read from "steady_tavg_eta.dat" u ($16/$2):($68/($12*$54))
        format = x:z
        x range restricted to [20.0000 : 1.00000e+06]
        #datapoints = 6
        residuals are weighted equally (unit weight)

function used for fitting: f(x)
	f(x) = a
fitted parameters initialized with current variable values

iter      chisq       delta/lim  lambda   a            
   0 2.3385589938e-02   0.00e+00  1.18e+00    1.180403e+00
   3 5.2481640122e-03  -1.95e-02  1.18e-03    1.125422e+00

After 3 iterations the fit converged.
final sum of squares of residuals : 0.00524816
rel. change during last iteration : -1.95264e-07

degrees of freedom    (FIT_NDF)                        : 5
rms of residuals      (FIT_STDFIT) = sqrt(WSSR/ndf)    : 0.032398
variance of residuals (reduced chisquare) = WSSR/ndf   : 0.00104963

Final set of parameters            Asymptotic Standard Error
=======================            ==========================
a               = 1.12542          +/- 0.01323      (1.175%)


*******************************************************************************
Sat Apr 11 10:38:13 2026


FIT:    data read from "stoch_tavg_eta.dat" u ($16/$2):($68/($12*$54))
        format = x:z
        x range restricted to [20.0000 : 1.00000e+06]
        #datapoints = 2
        residuals are weighted equally (unit weight)

function used for fitting: f(x)
	f(x) = a
fitted parameters initialized with current variable values

iter      chisq       delta/lim  lambda   a            
   0 7.2231748530e-03   0.00e+00  1.13e+00    1.125422e+00
   4 1.1773662591e-03  -3.54e-09  1.13e-04    1.180403e+00

After 4 iterations the fit converged.
final sum of squares of residuals : 0.00117737
rel. change during last iteration : -3.53614e-14

degrees of freedom    (FIT_NDF)                        : 1
rms of residuals      (FIT_STDFIT) = sqrt(WSSR/ndf)    : 0.0343128
variance of residuals (reduced chisquare) = WSSR/ndf   : 0.00117737

Final set of parameters            Asymptotic Standard Error
=======================            ==========================
a               = 1.1804           +/- 0.02426      (2.055%)


*******************************************************************************
Sat Apr 11 10:38:13 2026


FIT:    data read from "steady_tavg_eta.dat" u ($16/$2):($68/($12*$54))
        format = x:z
        x range restricted to [20.0000 : 1.00000e+06]
        #datapoints = 6
        residuals are weighted equally (unit weight)

function used for fitting: f(x)
	f(x) = a
fitted parameters initialized with current variable values

iter      chisq       delta/lim  lambda   a            
   0 2.3385589938e-02   0.00e+00  1.18e+00    1.180403e+00
   3 5.2481640122e-03  -1.95e-02  1.18e-03    1.125422e+00

After 3 iterations the fit converged.
final sum of squares of residuals : 0.00524816
rel. change during last iteration : -1.95264e-07

degrees of freedom    (FIT_NDF)                        : 5
rms of residuals      (FIT_STDFIT) = sqrt(WSSR/ndf)    : 0.032398
variance of residuals (reduced chisquare) = WSSR/ndf   : 0.00104963

Final set of parameters            Asymptotic Standard Error
=======================            ==========================
a               = 1.12542          +/- 0.01323      (1.175%)


*******************************************************************************
Sat Apr 11 10:40:07 2026


FIT:    data read from "stoch_tavg_eta.dat" u ($16/$2):($68/($12*$54))
        format = x:z
        x range restricted to [20.0000 : 1.00000e+06]
        #datapoints = 2
        residuals are weighted equally (unit weight)

function used for fitting: f(x)
	f(x) = a
fitted parameters initialized with current variable values

iter      chisq       delta/lim  lambda   a            
   0 7.2231748530e-03   0.00e+00  1.13e+00    1.125422e+00
   4 1.1773662591e-03  -3.54e-09  1.13e-04    1.180403e+00

After 4 iterations the fit converged.
final sum of squares of residuals : 0.00117737
rel. change during last iteration : -3.53614e-14

degrees of freedom    (FIT_NDF)                        : 1
rms of residuals      (FIT_STDFIT) = sqrt(WSSR/ndf)    : 0.0343128
variance of residuals (reduced chisquare) = WSSR/ndf   : 0.00117737

Final set of parameters            Asymptotic Standard Error
=======================            ==========================
a               = 1.1804           +/- 0.02426      (2.055%)


*******************************************************************************
Sat Apr 11 10:40:07 2026


FIT:    data read from "steady_tavg_eta.dat" u ($16/$2):($68/($12*$54))
        format = x:z
        x range restricted to [20.0000 : 1.00000e+06]
        #datapoints = 6
        residuals are weighted equally (unit weight)

function used for fitting: f(x)
	f(x) = a
fitted parameters initialized with current variable values

iter      chisq       delta/lim  lambda   a            
   0 2.3385589938e-02   0.00e+00  1.18e+00    1.180403e+00
   3 5.2481640122e-03  -1.95e-02  1.18e-03    1.125422e+00

After 3 iterations the fit converged.
final sum of squares of residuals : 0.00524816
rel. change during last iteration : -1.95264e-07

degrees of freedom    (FIT_NDF)                        : 5
rms of residuals      (FIT_STDFIT) = sqrt(WSSR/ndf)    : 0.032398
variance of residuals (reduced chisquare) = WSSR/ndf   : 0.00104963

Final set of parameters            Asymptotic Standard Error
=======================            ==========================
a               = 1.12542          +/- 0.01323      (1.175%)


*******************************************************************************
Sat Apr 11 10:40:39 2026


FIT:    data read from "stoch_tavg_eta.dat" u ($16/$2):($68/($12*$54))
        format = x:z
        x range restricted to [20.0000 : 1.00000e+06]
        #datapoints = 2
        residuals are weighted equally (unit weight)

function used for fitting: f(x)
	f(x) = a
fitted parameters initialized with current variable values

iter      chisq       delta/lim  lambda   a            
   0 7.2231748530e-03   0.00e+00  1.13e+00    1.125422e+00
   4 1.1773662591e-03  -3.54e-09  1.13e-04    1.180403e+00

After 4 iterations the fit converged.
final sum of squares of residuals : 0.00117737
rel. change during last iteration : -3.53614e-14

degrees of freedom    (FIT_NDF)                        : 1
rms of residuals      (FIT_STDFIT) = sqrt(WSSR/ndf)    : 0.0343128
variance of residuals (reduced chisquare) = WSSR/ndf   : 0.00117737

Final set of parameters            Asymptotic Standard Error
=======================            ==========================
a               = 1.1804           +/- 0.02426      (2.055%)


*******************************************************************************
Sat Apr 11 10:40:39 2026


FIT:    data read from "steady_tavg_eta.dat" u ($16/$2):($68/($12*$54))
        format = x:z
        x range restricted to [20.0000 : 1.00000e+06]
        #datapoints = 6
        residuals are weighted equally (unit weight)

function used for fitting: f(x)
	f(x) = a
fitted parameters initialized with current variable values

iter      chisq       delta/lim  lambda   a            
   0 2.3385589938e-02   0.00e+00  1.18e+00    1.180403e+00
   3 5.2481640122e-03  -1.95e-02  1.18e-03    1.125422e+00

After 3 iterations the fit converged.
final sum of squares of residuals : 0.00524816
rel. change during last iteration : -1.95264e-07

degrees of freedom    (FIT_NDF)                        : 5
rms of residuals      (FIT_STDFIT) = sqrt(WSSR/ndf)    : 0.032398
variance of residuals (reduced chisquare) = WSSR/ndf   : 0.00104963

Final set of parameters            Asymptotic Standard Error
=======================            ==========================
a               = 1.12542          +/- 0.01323      (1.175%)


*******************************************************************************
Sat Apr 11 23:15:11 2026


FIT:    data read from "stoch_tavg_eta.dat" u ($16/$2):($68/($12*$54))
        format = x:z
        x range restricted to [20.0000 : 1.00000e+06]
        #datapoints = 2
        residuals are weighted equally (unit weight)

function used for fitting: f(x)
	f(x) = a
fitted parameters initialized with current variable values

iter      chisq       delta/lim  lambda   a            
   0 6.6267972275e-02   0.00e+00  1.00e+00    1.000000e+00
   4 1.1773662591e-03  -3.80e-08  1.00e-04    1.180403e+00

After 4 iterations the fit converged.
final sum of squares of residuals : 0.00117737
rel. change during last iteration : -3.80135e-13

degrees of freedom    (FIT_NDF)                        : 1
rms of residuals      (FIT_STDFIT) = sqrt(WSSR/ndf)    : 0.0343128
variance of residuals (reduced chisquare) = WSSR/ndf   : 0.00117737

Final set of parameters            Asymptotic Standard Error
=======================            ==========================
a               = 1.1804           +/- 0.02426      (2.055%)


*******************************************************************************
Sat Apr 11 23:15:11 2026


FIT:    data read from "steady_tavg_eta.dat" u ($16/$2):($68/($12*$54))
        format = x:z
        x range restricted to [20.0000 : 1.00000e+06]
        #datapoints = 6
        residuals are weighted equally (unit weight)

function used for fitting: f(x)
	f(x) = a
fitted parameters initialized with current variable values

iter      chisq       delta/lim  lambda   a            
   0 2.3385589938e-02   0.00e+00  1.18e+00    1.180403e+00
   3 5.2481640122e-03  -1.95e-02  1.18e-03    1.125422e+00

After 3 iterations the fit converged.
final sum of squares of residuals : 0.00524816
rel. change during last iteration : -1.95264e-07

degrees of freedom    (FIT_NDF)                        : 5
rms of residuals      (FIT_STDFIT) = sqrt(WSSR/ndf)    : 0.032398
variance of residuals (reduced chisquare) = WSSR/ndf   : 0.00104963

Final set of parameters            Asymptotic Standard Error
=======================            ==========================
a               = 1.12542          +/- 0.01323      (1.175%)


*******************************************************************************
Sat Apr 11 23:17:20 2026


FIT:    data read from "stoch_tavg_eta.dat" u ($16/$2):($68/($12*$54))
        format = x:z
        x range restricted to [20.0000 : 1.00000e+06]
        #datapoints = 2
        residuals are weighted equally (unit weight)

function used for fitting: f(x)
	f(x) = a
fitted parameters initialized with current variable values

iter      chisq       delta/lim  lambda   a            
   0 7.2231748530e-03   0.00e+00  1.13e+00    1.125422e+00
   4 1.1773662591e-03  -3.54e-09  1.13e-04    1.180403e+00

After 4 iterations the fit converged.
final sum of squares of residuals : 0.00117737
rel. change during last iteration : -3.53614e-14

degrees of freedom    (FIT_NDF)                        : 1
rms of residuals      (FIT_STDFIT) = sqrt(WSSR/ndf)    : 0.0343128
variance of residuals (reduced chisquare) = WSSR/ndf   : 0.00117737

Final set of parameters            Asymptotic Standard Error
=======================            ==========================
a               = 1.1804           +/- 0.02426      (2.055%)


*******************************************************************************
Sat Apr 11 23:17:20 2026


FIT:    data read from "steady_tavg_eta.dat" u ($16/$2):($68/($12*$54))
        format = x:z
        x range restricted to [20.0000 : 1.00000e+06]
        #datapoints = 6
        residuals are weighted equally (unit weight)

function used for fitting: f(x)
	f(x) = a
fitted parameters initialized with current variable values

iter      chisq       delta/lim  lambda   a            
   0 2.3385589938e-02   0.00e+00  1.18e+00    1.180403e+00
   3 5.2481640122e-03  -1.95e-02  1.18e-03    1.125422e+00

After 3 iterations the fit converged.
final sum of squares of residuals : 0.00524816
rel. change during last iteration : -1.95264e-07

degrees of freedom    (FIT_NDF)                        : 5
rms of residuals      (FIT_STDFIT) = sqrt(WSSR/ndf)    : 0.032398
variance of residuals (reduced chisquare) = WSSR/ndf   : 0.00104963

Final set of parameters            Asymptotic Standard Error
=======================            ==========================
a               = 1.12542          +/- 0.01323      (1.175%)


*******************************************************************************
Sat Apr 11 23:17:33 2026


FIT:    data read from "stoch_tavg_eta.dat" u ($16/$2):($68/($12*$54))
        format = x:z
        x range restricted to [20.0000 : 1.00000e+06]
        #datapoints = 2
        residuals are weighted equally (unit weight)

function used for fitting: f(x)
	f(x) = a
fitted parameters initialized with current variable values

iter      chisq       delta/lim  lambda   a            
   0 7.2231748530e-03   0.00e+00  1.13e+00    1.125422e+00
   4 1.1773662591e-03  -3.54e-09  1.13e-04    1.180403e+00

After 4 iterations the fit converged.
final sum of squares of residuals : 0.00117737
rel. change during last iteration : -3.53614e-14

degrees of freedom    (FIT_NDF)                        : 1
rms of residuals      (FIT_STDFIT) = sqrt(WSSR/ndf)    : 0.0343128
variance of residuals (reduced chisquare) = WSSR/ndf   : 0.00117737

Final set of parameters            Asymptotic Standard Error
=======================            ==========================
a               = 1.1804           +/- 0.02426      (2.055%)


*******************************************************************************
Sat Apr 11 23:17:33 2026


FIT:    data read from "steady_tavg_eta.dat" u ($16/$2):($68/($12*$54))
        format = x:z
        x range restricted to [20.0000 : 1.00000e+06]
        #datapoints = 6
        residuals are weighted equally (unit weight)

function used for fitting: f(x)
	f(x) = a
fitted parameters initialized with current variable values

iter      chisq       delta/lim  lambda   a            
   0 2.3385589938e-02   0.00e+00  1.18e+00    1.180403e+00
   3 5.2481640122e-03  -1.95e-02  1.18e-03    1.125422e+00

After 3 iterations the fit converged.
final sum of squares of residuals : 0.00524816
rel. change during last iteration : -1.95264e-07

degrees of freedom    (FIT_NDF)                        : 5
rms of residuals      (FIT_STDFIT) = sqrt(WSSR/ndf)    : 0.032398
variance of residuals (reduced chisquare) = WSSR/ndf   : 0.00104963

Final set of parameters            Asymptotic Standard Error
=======================            ==========================
a               = 1.12542          +/- 0.01323      (1.175%)


*******************************************************************************
Sat Apr 11 23:17:59 2026


FIT:    data read from "stoch_tavg_eta.dat" u ($16/$2):($68/($12*$54))
        format = x:z
        x range restricted to [20.0000 : 1.00000e+06]
        #datapoints = 2
        residuals are weighted equally (unit weight)

function used for fitting: f(x)
	f(x) = a
fitted parameters initialized with current variable values

iter      chisq       delta/lim  lambda   a            
   0 7.2231748530e-03   0.00e+00  1.13e+00    1.125422e+00
   4 1.1773662591e-03  -3.54e-09  1.13e-04    1.180403e+00

After 4 iterations the fit converged.
final sum of squares of residuals : 0.00117737
rel. change during last iteration : -3.53614e-14

degrees of freedom    (FIT_NDF)                        : 1
rms of residuals      (FIT_STDFIT) = sqrt(WSSR/ndf)    : 0.0343128
variance of residuals (reduced chisquare) = WSSR/ndf   : 0.00117737

Final set of parameters            Asymptotic Standard Error
=======================            ==========================
a               = 1.1804           +/- 0.02426      (2.055%)


*******************************************************************************
Sat Apr 11 23:17:59 2026


FIT:    data read from "steady_tavg_eta.dat" u ($16/$2):($68/($12*$54))
        format = x:z
        x range restricted to [20.0000 : 1.00000e+06]
        #datapoints = 6
        residuals are weighted equally (unit weight)

function used for fitting: f(x)
	f(x) = a
fitted parameters initialized with current variable values

iter      chisq       delta/lim  lambda   a            
   0 2.3385589938e-02   0.00e+00  1.18e+00    1.180403e+00
   3 5.2481640122e-03  -1.95e-02  1.18e-03    1.125422e+00

After 3 iterations the fit converged.
final sum of squares of residuals : 0.00524816
rel. change during last iteration : -1.95264e-07

degrees of freedom    (FIT_NDF)                        : 5
rms of residuals      (FIT_STDFIT) = sqrt(WSSR/ndf)    : 0.032398
variance of residuals (reduced chisquare) = WSSR/ndf   : 0.00104963

Final set of parameters            Asymptotic Standard Error
=======================            ==========================
a               = 1.12542          +/- 0.01323      (1.175%)


*******************************************************************************
Sat Apr 11 23:19:08 2026


FIT:    data read from "stoch_tavg_eta.dat" u ($16/$2):($68/($12*$54))
        format = x:z
        x range restricted to [20.0000 : 1.00000e+06]
        #datapoints = 2
        residuals are weighted equally (unit weight)

function used for fitting: f(x)
	f(x) = a
fitted parameters initialized with current variable values

iter      chisq       delta/lim  lambda   a            
   0 7.2231748530e-03   0.00e+00  1.13e+00    1.125422e+00
   4 1.1773662591e-03  -3.54e-09  1.13e-04    1.180403e+00

After 4 iterations the fit converged.
final sum of squares of residuals : 0.00117737
rel. change during last iteration : -3.53614e-14

degrees of freedom    (FIT_NDF)                        : 1
rms of residuals      (FIT_STDFIT) = sqrt(WSSR/ndf)    : 0.0343128
variance of residuals (reduced chisquare) = WSSR/ndf   : 0.00117737

Final set of parameters            Asymptotic Standard Error
=======================            ==========================
a               = 1.1804           +/- 0.02426      (2.055%)


*******************************************************************************
Sat Apr 11 23:19:08 2026


FIT:    data read from "steady_tavg_eta.dat" u ($16/$2):($68/($12*$54))
        format = x:z
        x range restricted to [20.0000 : 1.00000e+06]
        #datapoints = 6
        residuals are weighted equally (unit weight)

function used for fitting: f(x)
	f(x) = a
fitted parameters initialized with current variable values

iter      chisq       delta/lim  lambda   a            
   0 2.3385589938e-02   0.00e+00  1.18e+00    1.180403e+00
   3 5.2481640122e-03  -1.95e-02  1.18e-03    1.125422e+00

After 3 iterations the fit converged.
final sum of squares of residuals : 0.00524816
rel. change during last iteration : -1.95264e-07

degrees of freedom    (FIT_NDF)                        : 5
rms of residuals      (FIT_STDFIT) = sqrt(WSSR/ndf)    : 0.032398
variance of residuals (reduced chisquare) = WSSR/ndf   : 0.00104963

Final set of parameters            Asymptotic Standard Error
=======================            ==========================
a               = 1.12542          +/- 0.01323      (1.175%)


*******************************************************************************
Sat Apr 11 23:19:49 2026


FIT:    data read from "stoch_tavg_eta.dat" u ($16/$2):($68/($12*$54))
        format = x:z
        x range restricted to [20.0000 : 1.00000e+06]
        #datapoints = 2
        residuals are weighted equally (unit weight)

function used for fitting: f(x)
	f(x) = a
fitted parameters initialized with current variable values

iter      chisq       delta/lim  lambda   a            
   0 7.2231748530e-03   0.00e+00  1.13e+00    1.125422e+00
   4 1.1773662591e-03  -3.54e-09  1.13e-04    1.180403e+00

After 4 iterations the fit converged.
final sum of squares of residuals : 0.00117737
rel. change during last iteration : -3.53614e-14

degrees of freedom    (FIT_NDF)                        : 1
rms of residuals      (FIT_STDFIT) = sqrt(WSSR/ndf)    : 0.0343128
variance of residuals (reduced chisquare) = WSSR/ndf   : 0.00117737

Final set of parameters            Asymptotic Standard Error
=======================            ==========================
a               = 1.1804           +/- 0.02426      (2.055%)


*******************************************************************************
Sat Apr 11 23:19:49 2026


FIT:    data read from "steady_tavg_eta.dat" u ($16/$2):($68/($12*$54))
        format = x:z
        x range restricted to [20.0000 : 1.00000e+06]
        #datapoints = 6
        residuals are weighted equally (unit weight)

function used for fitting: f(x)
	f(x) = a
fitted parameters initialized with current variable values

iter      chisq       delta/lim  lambda   a            
   0 2.3385589938e-02   0.00e+00  1.18e+00    1.180403e+00
   3 5.2481640122e-03  -1.95e-02  1.18e-03    1.125422e+00

After 3 iterations the fit converged.
final sum of squares of residuals : 0.00524816
rel. change during last iteration : -1.95264e-07

degrees of freedom    (FIT_NDF)                        : 5
rms of residuals      (FIT_STDFIT) = sqrt(WSSR/ndf)    : 0.032398
variance of residuals (reduced chisquare) = WSSR/ndf   : 0.00104963

Final set of parameters            Asymptotic Standard Error
=======================            ==========================
a               = 1.12542          +/- 0.01323      (1.175%)


*******************************************************************************
Sat Apr 11 23:20:17 2026


FIT:    data read from "stoch_tavg_eta.dat" u ($16/$2):($68/($12*$54))
        format = x:z
        x range restricted to [20.0000 : 1.00000e+06]
        #datapoints = 2
        residuals are weighted equally (unit weight)

function used for fitting: f(x)
	f(x) = a
fitted parameters initialized with current variable values

iter      chisq       delta/lim  lambda   a            
   0 7.2231748530e-03   0.00e+00  1.13e+00    1.125422e+00
   4 1.1773662591e-03  -3.54e-09  1.13e-04    1.180403e+00

After 4 iterations the fit converged.
final sum of squares of residuals : 0.00117737
rel. change during last iteration : -3.53614e-14

degrees of freedom    (FIT_NDF)                        : 1
rms of residuals      (FIT_STDFIT) = sqrt(WSSR/ndf)    : 0.0343128
variance of residuals (reduced chisquare) = WSSR/ndf   : 0.00117737

Final set of parameters            Asymptotic Standard Error
=======================            ==========================
a               = 1.1804           +/- 0.02426      (2.055%)


*******************************************************************************
Sat Apr 11 23:20:17 2026


FIT:    data read from "steady_tavg_eta.dat" u ($16/$2):($68/($12*$54))
        format = x:z
        x range restricted to [20.0000 : 1.00000e+06]
        #datapoints = 6
        residuals are weighted equally (unit weight)

function used for fitting: f(x)
	f(x) = a
fitted parameters initialized with current variable values

iter      chisq       delta/lim  lambda   a            
   0 2.3385589938e-02   0.00e+00  1.18e+00    1.180403e+00
   3 5.2481640122e-03  -1.95e-02  1.18e-03    1.125422e+00

After 3 iterations the fit converged.
final sum of squares of residuals : 0.00524816
rel. change during last iteration : -1.95264e-07

degrees of freedom    (FIT_NDF)                        : 5
rms of residuals      (FIT_STDFIT) = sqrt(WSSR/ndf)    : 0.032398
variance of residuals (reduced chisquare) = WSSR/ndf   : 0.00104963

Final set of parameters            Asymptotic Standard Error
=======================            ==========================
a               = 1.12542          +/- 0.01323      (1.175%)


*******************************************************************************
Sat Apr 11 23:25:11 2026


FIT:    data read from "stoch_tavg_eta.dat" u ($16/$2):($68/($12*$54))
        format = x:z
        x range restricted to [20.0000 : 1.00000e+06]
        #datapoints = 2
        residuals are weighted equally (unit weight)

function used for fitting: f(x)
	f(x) = a
fitted parameters initialized with current variable values

iter      chisq       delta/lim  lambda   a            
   0 7.2231748530e-03   0.00e+00  1.13e+00    1.125422e+00
   4 1.1773662591e-03  -3.54e-09  1.13e-04    1.180403e+00

After 4 iterations the fit converged.
final sum of squares of residuals : 0.00117737
rel. change during last iteration : -3.53614e-14

degrees of freedom    (FIT_NDF)                        : 1
rms of residuals      (FIT_STDFIT) = sqrt(WSSR/ndf)    : 0.0343128
variance of residuals (reduced chisquare) = WSSR/ndf   : 0.00117737

Final set of parameters            Asymptotic Standard Error
=======================            ==========================
a               = 1.1804           +/- 0.02426      (2.055%)


*******************************************************************************
Sat Apr 11 23:25:11 2026


FIT:    data read from "steady_tavg_eta.dat" u ($16/$2):($68/($12*$54))
        format = x:z
        x range restricted to [20.0000 : 1.00000e+06]
        #datapoints = 6
        residuals are weighted equally (unit weight)

function used for fitting: f(x)
	f(x) = a
fitted parameters initialized with current variable values

iter      chisq       delta/lim  lambda   a            
   0 2.3385589938e-02   0.00e+00  1.18e+00    1.180403e+00
   3 5.2481640122e-03  -1.95e-02  1.18e-03    1.125422e+00

After 3 iterations the fit converged.
final sum of squares of residuals : 0.00524816
rel. change during last iteration : -1.95264e-07

degrees of freedom    (FIT_NDF)                        : 5
rms of residuals      (FIT_STDFIT) = sqrt(WSSR/ndf)    : 0.032398
variance of residuals (reduced chisquare) = WSSR/ndf   : 0.00104963

Final set of parameters            Asymptotic Standard Error
=======================            ==========================
a               = 1.12542          +/- 0.01323      (1.175%)


*******************************************************************************
Sat Apr 11 23:33:12 2026


FIT:    data read from "stoch_tavg_eta.dat" u ($16/$2):($68/($12*$54))
        format = x:z
        x range restricted to [20.0000 : 1.00000e+06]
        #datapoints = 2
        residuals are weighted equally (unit weight)

function used for fitting: f(x)
	f(x) = a
fitted parameters initialized with current variable values

iter      chisq       delta/lim  lambda   a            
   0 7.2231748530e-03   0.00e+00  1.13e+00    1.125422e+00
   4 1.1773662591e-03  -3.54e-09  1.13e-04    1.180403e+00

After 4 iterations the fit converged.
final sum of squares of residuals : 0.00117737
rel. change during last iteration : -3.53614e-14

degrees of freedom    (FIT_NDF)                        : 1
rms of residuals      (FIT_STDFIT) = sqrt(WSSR/ndf)    : 0.0343128
variance of residuals (reduced chisquare) = WSSR/ndf   : 0.00117737

Final set of parameters            Asymptotic Standard Error
=======================            ==========================
a               = 1.1804           +/- 0.02426      (2.055%)


*******************************************************************************
Sat Apr 11 23:33:12 2026


FIT:    data read from "steady_tavg_eta.dat" u ($16/$2):($68/($12*$54))
        format = x:z
        x range restricted to [20.0000 : 1.00000e+06]
        #datapoints = 6
        residuals are weighted equally (unit weight)

function used for fitting: f(x)
	f(x) = a
fitted parameters initialized with current variable values

iter      chisq       delta/lim  lambda   a            
   0 2.3385589938e-02   0.00e+00  1.18e+00    1.180403e+00
   3 5.2481640122e-03  -1.95e-02  1.18e-03    1.125422e+00

After 3 iterations the fit converged.
final sum of squares of residuals : 0.00524816
rel. change during last iteration : -1.95264e-07

degrees of freedom    (FIT_NDF)                        : 5
rms of residuals      (FIT_STDFIT) = sqrt(WSSR/ndf)    : 0.032398
variance of residuals (reduced chisquare) = WSSR/ndf   : 0.00104963

Final set of parameters            Asymptotic Standard Error
=======================            ==========================
a               = 1.12542          +/- 0.01323      (1.175%)


*******************************************************************************
Mon Apr 13 14:22:08 2026


FIT:    data read from "stoch_tavg_eta.dat" u ($16/$2):($68/($12*$54))
        format = x:z
        x range restricted to [20.0000 : 1.00000e+06]
        #datapoints = 2
        residuals are weighted equally (unit weight)

function used for fitting: f(x)
	f(x) = a
fitted parameters initialized with current variable values

iter      chisq       delta/lim  lambda   a            
   0 6.6267972275e-02   0.00e+00  1.00e+00    1.000000e+00
   4 1.1773662591e-03  -3.80e-08  1.00e-04    1.180403e+00

After 4 iterations the fit converged.
final sum of squares of residuals : 0.00117737
rel. change during last iteration : -3.80135e-13

degrees of freedom    (FIT_NDF)                        : 1
rms of residuals      (FIT_STDFIT) = sqrt(WSSR/ndf)    : 0.0343128
variance of residuals (reduced chisquare) = WSSR/ndf   : 0.00117737

Final set of parameters            Asymptotic Standard Error
=======================            ==========================
a               = 1.1804           +/- 0.02426      (2.055%)


*******************************************************************************
Mon Apr 13 14:22:08 2026


FIT:    data read from "steady_tavg_eta.dat" u ($16/$2):($68/($12*$54))
        format = x:z
        x range restricted to [20.0000 : 1.00000e+06]
        #datapoints = 6
        residuals are weighted equally (unit weight)

function used for fitting: f(x)
	f(x) = a
fitted parameters initialized with current variable values

iter      chisq       delta/lim  lambda   a            
   0 2.3385589938e-02   0.00e+00  1.18e+00    1.180403e+00
   3 5.2481640122e-03  -1.95e-02  1.18e-03    1.125422e+00

After 3 iterations the fit converged.
final sum of squares of residuals : 0.00524816
rel. change during last iteration : -1.95264e-07

degrees of freedom    (FIT_NDF)                        : 5
rms of residuals      (FIT_STDFIT) = sqrt(WSSR/ndf)    : 0.032398
variance of residuals (reduced chisquare) = WSSR/ndf   : 0.00104963

Final set of parameters            Asymptotic Standard Error
=======================            ==========================
a               = 1.12542          +/- 0.01323      (1.175%)


*******************************************************************************
Mon Apr 13 14:25:36 2026


FIT:    data read from "stoch_tavg_eta.dat" u ($16/$2):($68/($12*$54))
        format = x:z
        x range restricted to [20.0000 : 1.00000e+06]
        #datapoints = 2
        residuals are weighted equally (unit weight)

function used for fitting: f(x)
	f(x) = a
fitted parameters initialized with current variable values

iter      chisq       delta/lim  lambda   a            
   0 7.2231748530e-03   0.00e+00  1.13e+00    1.125422e+00
   4 1.1773662591e-03  -3.54e-09  1.13e-04    1.180403e+00

After 4 iterations the fit converged.
final sum of squares of residuals : 0.00117737
rel. change during last iteration : -3.53614e-14

degrees of freedom    (FIT_NDF)                        : 1
rms of residuals      (FIT_STDFIT) = sqrt(WSSR/ndf)    : 0.0343128
variance of residuals (reduced chisquare) = WSSR/ndf   : 0.00117737

Final set of parameters            Asymptotic Standard Error
=======================            ==========================
a               = 1.1804           +/- 0.02426      (2.055%)


*******************************************************************************
Mon Apr 13 14:25:36 2026


FIT:    data read from "steady_tavg_eta.dat" u ($16/$2):($68/($12*$54))
        format = x:z
        x range restricted to [20.0000 : 1.00000e+06]
        #datapoints = 6
        residuals are weighted equally (unit weight)

function used for fitting: f(x)
	f(x) = a
fitted parameters initialized with current variable values

iter      chisq       delta/lim  lambda   a            
   0 2.3385589938e-02   0.00e+00  1.18e+00    1.180403e+00
   3 5.2481640122e-03  -1.95e-02  1.18e-03    1.125422e+00

After 3 iterations the fit converged.
final sum of squares of residuals : 0.00524816
rel. change during last iteration : -1.95264e-07

degrees of freedom    (FIT_NDF)                        : 5
rms of residuals      (FIT_STDFIT) = sqrt(WSSR/ndf)    : 0.032398
variance of residuals (reduced chisquare) = WSSR/ndf   : 0.00104963

Final set of parameters            Asymptotic Standard Error
=======================            ==========================
a               = 1.12542          +/- 0.01323      (1.175%)


*******************************************************************************
Mon Apr 13 14:25:36 2026


FIT:    data read from "stoch_tavg_eta.dat" u ($16/$2):($70/($22*$56))
        format = x:z
        x range restricted to [20.0000 : 1.00000e+06]
        #datapoints = 2
        residuals are weighted equally (unit weight)

function used for fitting: f(x)
	f(x) = a
fitted parameters initialized with current variable values

iter      chisq       delta/lim  lambda   a            
   0 1.2732025878e-02   0.00e+00  1.13e+00    1.125422e+00
   4 2.3046079058e-03  -3.10e-09  1.13e-04    1.197628e+00

After 4 iterations the fit converged.
final sum of squares of residuals : 0.00230461
rel. change during last iteration : -3.10497e-14

degrees of freedom    (FIT_NDF)                        : 1
rms of residuals      (FIT_STDFIT) = sqrt(WSSR/ndf)    : 0.0480063
variance of residuals (reduced chisquare) = WSSR/ndf   : 0.00230461

Final set of parameters            Asymptotic Standard Error
=======================            ==========================
a               = 1.19763          +/- 0.03395      (2.834%)


*******************************************************************************
Mon Apr 13 14:25:36 2026


FIT:    data read from "steady_tavg_eta.dat" u ($16/$2):($70/($22*$56))
        format = x:z
        x range restricted to [20.0000 : 1.00000e+06]
        #datapoints = 6
        residuals are weighted equally (unit weight)

function used for fitting: f(x)
	f(x) = a
fitted parameters initialized with current variable values

iter      chisq       delta/lim  lambda   a            
   0 2.8344246278e-02   0.00e+00  1.20e+00    1.197628e+00
   3 1.0503859486e-02  -9.60e-03  1.20e-03    1.143099e+00

After 3 iterations the fit converged.
final sum of squares of residuals : 0.0105039
rel. change during last iteration : -9.59644e-08

degrees of freedom    (FIT_NDF)                        : 5
rms of residuals      (FIT_STDFIT) = sqrt(WSSR/ndf)    : 0.0458342
variance of residuals (reduced chisquare) = WSSR/ndf   : 0.00210077

Final set of parameters            Asymptotic Standard Error
=======================            ==========================
a               = 1.1431           +/- 0.01871      (1.637%)


*******************************************************************************
Mon Apr 13 14:25:36 2026


FIT:    data read from "stoch_tavg_eta.dat" u ($16/$2):($72/($32*$58))
        format = x:z
        x range restricted to [20.0000 : 1.00000e+06]
        #datapoints = 2
        residuals are weighted equally (unit weight)

function used for fitting: f(x)
	f(x) = a
fitted parameters initialized with current variable values

iter      chisq       delta/lim  lambda   a            
   0 3.2137338006e-03   0.00e+00  1.14e+00    1.143099e+00
   3 9.9958653346e-04  -6.09e-01  1.14e-03    1.176372e+00

After 3 iterations the fit converged.
final sum of squares of residuals : 0.000999587
rel. change during last iteration : -6.09188e-06

degrees of freedom    (FIT_NDF)                        : 1
rms of residuals      (FIT_STDFIT) = sqrt(WSSR/ndf)    : 0.0316162
variance of residuals (reduced chisquare) = WSSR/ndf   : 0.000999587

Final set of parameters            Asymptotic Standard Error
=======================            ==========================
a               = 1.17637          +/- 0.02236      (1.9%)


*******************************************************************************
Mon Apr 13 14:25:36 2026


FIT:    data read from "steady_tavg_eta.dat" u ($16/$2):($72/($32*$58))
        format = x:z
        x range restricted to [20.0000 : 1.00000e+06]
        #datapoints = 6
        residuals are weighted equally (unit weight)

function used for fitting: f(x)
	f(x) = a
fitted parameters initialized with current variable values

iter      chisq       delta/lim  lambda   a            
   0 2.2066333546e-02   0.00e+00  1.18e+00    1.176372e+00
   3 4.7133334110e-03  -2.08e-02  1.18e-03    1.122593e+00

After 3 iterations the fit converged.
final sum of squares of residuals : 0.00471333
rel. change during last iteration : -2.08018e-07

degrees of freedom    (FIT_NDF)                        : 5
rms of residuals      (FIT_STDFIT) = sqrt(WSSR/ndf)    : 0.0307029
variance of residuals (reduced chisquare) = WSSR/ndf   : 0.000942667

Final set of parameters            Asymptotic Standard Error
=======================            ==========================
a               = 1.12259          +/- 0.01253      (1.117%)


*******************************************************************************
Mon Apr 13 14:27:42 2026


FIT:    data read from "stoch_tavg_eta.dat" u ($16/$2):($68/($12*$54))
        format = x:z
        x range restricted to [20.0000 : 1.00000e+06]
        #datapoints = 2
        residuals are weighted equally (unit weight)

function used for fitting: f(x)
	f(x) = a
fitted parameters initialized with current variable values

iter      chisq       delta/lim  lambda   a            
   0 7.8613476221e-03   0.00e+00  1.12e+00    1.122593e+00
   4 1.1773662591e-03  -3.90e-09  1.12e-04    1.180403e+00

After 4 iterations the fit converged.
final sum of squares of residuals : 0.00117737
rel. change during last iteration : -3.90449e-14

degrees of freedom    (FIT_NDF)                        : 1
rms of residuals      (FIT_STDFIT) = sqrt(WSSR/ndf)    : 0.0343128
variance of residuals (reduced chisquare) = WSSR/ndf   : 0.00117737

Final set of parameters            Asymptotic Standard Error
=======================            ==========================
a               = 1.1804           +/- 0.02426      (2.055%)


*******************************************************************************
Mon Apr 13 14:27:42 2026


FIT:    data read from "steady_tavg_eta.dat" u ($16/$2):($68/($12*$54))
        format = x:z
        x range restricted to [20.0000 : 1.00000e+06]
        #datapoints = 6
        residuals are weighted equally (unit weight)

function used for fitting: f(x)
	f(x) = a
fitted parameters initialized with current variable values

iter      chisq       delta/lim  lambda   a            
   0 2.3385589938e-02   0.00e+00  1.18e+00    1.180403e+00
   3 5.2481640122e-03  -1.95e-02  1.18e-03    1.125422e+00

After 3 iterations the fit converged.
final sum of squares of residuals : 0.00524816
rel. change during last iteration : -1.95264e-07

degrees of freedom    (FIT_NDF)                        : 5
rms of residuals      (FIT_STDFIT) = sqrt(WSSR/ndf)    : 0.032398
variance of residuals (reduced chisquare) = WSSR/ndf   : 0.00104963

Final set of parameters            Asymptotic Standard Error
=======================            ==========================
a               = 1.12542          +/- 0.01323      (1.175%)


*******************************************************************************
Mon Apr 13 14:27:42 2026


FIT:    data read from "stoch_tavg_eta.dat" u ($16/$2):($70/($22*$56))
        format = x:z
        x range restricted to [20.0000 : 1.00000e+06]
        #datapoints = 2
        residuals are weighted equally (unit weight)

function used for fitting: f(x)
	f(x) = a
fitted parameters initialized with current variable values

iter      chisq       delta/lim  lambda   a            
   0 1.2732025878e-02   0.00e+00  1.13e+00    1.125422e+00
   4 2.3046079058e-03  -3.10e-09  1.13e-04    1.197628e+00

After 4 iterations the fit converged.
final sum of squares of residuals : 0.00230461
rel. change during last iteration : -3.10497e-14

degrees of freedom    (FIT_NDF)                        : 1
rms of residuals      (FIT_STDFIT) = sqrt(WSSR/ndf)    : 0.0480063
variance of residuals (reduced chisquare) = WSSR/ndf   : 0.00230461

Final set of parameters            Asymptotic Standard Error
=======================            ==========================
a               = 1.19763          +/- 0.03395      (2.834%)


*******************************************************************************
Mon Apr 13 14:27:42 2026


FIT:    data read from "steady_tavg_eta.dat" u ($16/$2):($70/($22*$56))
        format = x:z
        x range restricted to [20.0000 : 1.00000e+06]
        #datapoints = 6
        residuals are weighted equally (unit weight)

function used for fitting: f(x)
	f(x) = a
fitted parameters initialized with current variable values

iter      chisq       delta/lim  lambda   a            
   0 2.8344246278e-02   0.00e+00  1.20e+00    1.197628e+00
   3 1.0503859486e-02  -9.60e-03  1.20e-03    1.143099e+00

After 3 iterations the fit converged.
final sum of squares of residuals : 0.0105039
rel. change during last iteration : -9.59644e-08

degrees of freedom    (FIT_NDF)                        : 5
rms of residuals      (FIT_STDFIT) = sqrt(WSSR/ndf)    : 0.0458342
variance of residuals (reduced chisquare) = WSSR/ndf   : 0.00210077

Final set of parameters            Asymptotic Standard Error
=======================            ==========================
a               = 1.1431           +/- 0.01871      (1.637%)


*******************************************************************************
Mon Apr 13 14:27:42 2026


FIT:    data read from "stoch_tavg_eta.dat" u ($16/$2):($72/($32*$58))
        format = x:z
        x range restricted to [20.0000 : 1.00000e+06]
        #datapoints = 2
        residuals are weighted equally (unit weight)

function used for fitting: f(x)
	f(x) = a
fitted parameters initialized with current variable values

iter      chisq       delta/lim  lambda   a            
   0 3.2137338006e-03   0.00e+00  1.14e+00    1.143099e+00
   3 9.9958653346e-04  -6.09e-01  1.14e-03    1.176372e+00

After 3 iterations the fit converged.
final sum of squares of residuals : 0.000999587
rel. change during last iteration : -6.09188e-06

degrees of freedom    (FIT_NDF)                        : 1
rms of residuals      (FIT_STDFIT) = sqrt(WSSR/ndf)    : 0.0316162
variance of residuals (reduced chisquare) = WSSR/ndf   : 0.000999587

Final set of parameters            Asymptotic Standard Error
=======================            ==========================
a               = 1.17637          +/- 0.02236      (1.9%)


*******************************************************************************
Mon Apr 13 14:27:42 2026


FIT:    data read from "steady_tavg_eta.dat" u ($16/$2):($72/($32*$58))
        format = x:z
        x range restricted to [20.0000 : 1.00000e+06]
        #datapoints = 6
        residuals are weighted equally (unit weight)

function used for fitting: f(x)
	f(x) = a
fitted parameters initialized with current variable values

iter      chisq       delta/lim  lambda   a            
   0 2.2066333546e-02   0.00e+00  1.18e+00    1.176372e+00
   3 4.7133334110e-03  -2.08e-02  1.18e-03    1.122593e+00

After 3 iterations the fit converged.
final sum of squares of residuals : 0.00471333
rel. change during last iteration : -2.08018e-07

degrees of freedom    (FIT_NDF)                        : 5
rms of residuals      (FIT_STDFIT) = sqrt(WSSR/ndf)    : 0.0307029
variance of residuals (reduced chisquare) = WSSR/ndf   : 0.000942667

Final set of parameters            Asymptotic Standard Error
=======================            ==========================
a               = 1.12259          +/- 0.01253      (1.117%)
